[2025-10-22T00:17:20-04:00] Fetching URL: https://weba.claytoncountyga.gov/sjiinqcgi-bin/wsj210r.pgm?days=01
[2025-10-22T00:17:21-04:00] Page 1 (https://weba.claytoncountyga.gov/sjiinqcgi-bin/wsj210r.pgm?days=01) -> parsed 18 records
[2025-10-22T00:17:21-04:00] Discovered 0 new pagination links on page 1
[2025-10-22T00:17:21-04:00] Scrape complete for days=01: pages=1, parsed_total=18, unique=6
[2025-10-22T00:17:24-04:00] Fetching URL: https://weba.claytoncountyga.gov/sjiinqcgi-bin/wsj210r.pgm?days=01
[2025-10-22T00:17:24-04:00] Page 1 (https://weba.claytoncountyga.gov/sjiinqcgi-bin/wsj210r.pgm?days=01) -> parsed 18 records
[2025-10-22T00:17:24-04:00] Discovered 0 new pagination links on page 1
[2025-10-22T00:17:24-04:00] Scrape complete for days=01: pages=1, parsed_total=18, unique=6
[2025-10-22T00:17:29-04:00] Fetching URL: https://weba.claytoncountyga.gov/sjiinqcgi-bin/wsj210r.pgm?days=30
[2025-10-22T00:17:30-04:00] Page 1 (https://weba.claytoncountyga.gov/sjiinqcgi-bin/wsj210r.pgm?days=30) -> parsed 18 records
[2025-10-22T00:17:30-04:00] Discovered 0 new pagination links on page 1
[2025-10-22T00:17:30-04:00] Scrape complete for days=30: pages=1, parsed_total=18, unique=6
[2025-10-22T00:17:33-04:00] Fetching URL: https://weba.claytoncountyga.gov/sjiinqcgi-bin/wsj210r.pgm?days=30
[2025-10-22T00:17:33-04:00] Page 1 (https://weba.claytoncountyga.gov/sjiinqcgi-bin/wsj210r.pgm?days=30) -> parsed 18 records
[2025-10-22T00:17:33-04:00] Discovered 0 new pagination links on page 1
[2025-10-22T00:17:33-04:00] Scrape complete for days=30: pages=1, parsed_total=18, unique=6
[2025-10-22T00:17:38-04:00] Fetching URL: https://weba.claytoncountyga.gov/sjiinqcgi-bin/wsj210r.pgm?days=30
[2025-10-22T00:17:39-04:00] Page 1 (https://weba.claytoncountyga.gov/sjiinqcgi-bin/wsj210r.pgm?days=30) -> parsed 18 records
[2025-10-22T00:17:39-04:00] Discovered 0 new pagination links on page 1
[2025-10-22T00:17:39-04:00] Scrape complete for days=30: pages=1, parsed_total=18, unique=6
[2025-10-22T00:17:40-04:00] Fetching URL: https://weba.claytoncountyga.gov/sjiinqcgi-bin/wsj210r.pgm?days=30
[2025-10-22T00:17:40-04:00] Page 1 (https://weba.claytoncountyga.gov/sjiinqcgi-bin/wsj210r.pgm?days=30) -> parsed 18 records
[2025-10-22T00:17:40-04:00] Discovered 0 new pagination links on page 1
[2025-10-22T00:17:40-04:00] Scrape complete for days=30: pages=1, parsed_total=18, unique=6
[2025-10-22T00:17:40-04:00] Fetching URL: https://weba.claytoncountyga.gov/sjiinqcgi-bin/wsj210r.pgm?days=30
[2025-10-22T00:17:41-04:00] Page 1 (https://weba.claytoncountyga.gov/sjiinqcgi-bin/wsj210r.pgm?days=30) -> parsed 18 records
[2025-10-22T00:17:41-04:00] Discovered 0 new pagination links on page 1
[2025-10-22T00:17:41-04:00] Scrape complete for days=30: pages=1, parsed_total=18, unique=6
[2025-10-22T00:17:46-04:00] Fetching URL: https://weba.claytoncountyga.gov/sjiinqcgi-bin/wsj210r.pgm?days=30
[2025-10-22T00:17:46-04:00] Page 1 (https://weba.claytoncountyga.gov/sjiinqcgi-bin/wsj210r.pgm?days=30) -> parsed 18 records
[2025-10-22T00:17:46-04:00] Discovered 0 new pagination links on page 1
[2025-10-22T00:17:46-04:00] Scrape complete for days=30: pages=1, parsed_total=18, unique=6
[2025-10-22T00:17:56-04:00] Fetching URL: https://weba.claytoncountyga.gov/sjiinqcgi-bin/wsj210r.pgm?days=01
[2025-10-22T00:17:56-04:00] Page 1 (https://weba.claytoncountyga.gov/sjiinqcgi-bin/wsj210r.pgm?days=01) -> parsed 18 records
[2025-10-22T00:17:56-04:00] Discovered 0 new pagination links on page 1
[2025-10-22T00:17:56-04:00] Scrape complete for days=01: pages=1, parsed_total=18, unique=6
[2025-10-22T00:21:40-04:00] Fetching URL: https://weba.claytoncountyga.gov/sjiinqcgi-bin/wsj210r.pgm?days=01
[2025-10-22T00:21:41-04:00] Page 1 (https://weba.claytoncountyga.gov/sjiinqcgi-bin/wsj210r.pgm?days=01) -> parsed 18 records
[2025-10-22T00:21:41-04:00] Discovered 0 new pagination links on page 1
[2025-10-22T00:21:41-04:00] Scrape complete for days=01: pages=1, parsed_total=18, unique=6
[2025-10-22T00:21:41-04:00] Fetching URL: https://weba.claytoncountyga.gov/sjiinqcgi-bin/wsj210r.pgm?days=01
[2025-10-22T00:21:41-04:00] Page 1 (https://weba.claytoncountyga.gov/sjiinqcgi-bin/wsj210r.pgm?days=01) -> parsed 18 records
[2025-10-22T00:21:41-04:00] Discovered 0 new pagination links on page 1
[2025-10-22T00:21:41-04:00] Scrape complete for days=01: pages=1, parsed_total=18, unique=6
[2025-10-22T00:22:13-04:00] Fetching URL: https://weba.claytoncountyga.gov/sjiinqcgi-bin/wsj210r.pgm?days=01
[2025-10-22T00:22:13-04:00] Page 1 (https://weba.claytoncountyga.gov/sjiinqcgi-bin/wsj210r.pgm?days=01) -> parsed 18 records
[2025-10-22T00:22:13-04:00] Discovered 0 new pagination links on page 1
[2025-10-22T00:22:13-04:00] Scrape complete for days=01: pages=1, parsed_total=18, unique=6
[2025-10-22T00:22:18-04:00] Fetching URL: https://weba.claytoncountyga.gov/sjiinqcgi-bin/wsj210r.pgm?days=30
[2025-10-22T00:22:18-04:00] Page 1 (https://weba.claytoncountyga.gov/sjiinqcgi-bin/wsj210r.pgm?days=30) -> parsed 18 records
[2025-10-22T00:22:18-04:00] Discovered 0 new pagination links on page 1
[2025-10-22T00:22:18-04:00] Scrape complete for days=30: pages=1, parsed_total=18, unique=6
[2025-10-22T04:22:30+00:00] Fetching URL: https://weba.claytoncountyga.gov/sjiinqcgi-bin/wsj210r.pgm?days=01
[2025-10-22T04:22:30+00:00] Page 1 (https://weba.claytoncountyga.gov/sjiinqcgi-bin/wsj210r.pgm?days=01) -> parsed 18 records
[2025-10-22T04:22:30+00:00] Discovered 0 new pagination links on page 1
[2025-10-22T04:22:30+00:00] Scrape complete for days=01: pages=1, parsed_total=18, unique=6
[2025-10-22T04:22:47+00:00] Fetching URL: https://weba.claytoncountyga.gov/sjiinqcgi-bin/wsj210r.pgm?days=01
[2025-10-22T04:22:47+00:00] Page 1 (https://weba.claytoncountyga.gov/sjiinqcgi-bin/wsj210r.pgm?days=01) -> parsed 18 records
[2025-10-22T04:22:47+00:00] Discovered 0 new pagination links on page 1
[2025-10-22T04:22:47+00:00] Scrape complete for days=01: pages=1, parsed_total=18, unique=6
[2025-10-22T04:22:50+00:00] Fetching URL: https://weba.claytoncountyga.gov/sjiinqcgi-bin/wsj210r.pgm?days=01
[2025-10-22T04:22:50+00:00] Page 1 (https://weba.claytoncountyga.gov/sjiinqcgi-bin/wsj210r.pgm?days=01) -> parsed 18 records
[2025-10-22T04:22:50+00:00] Discovered 0 new pagination links on page 1
[2025-10-22T04:22:50+00:00] Scrape complete for days=01: pages=1, parsed_total=18, unique=6
[2025-10-22T04:22:52+00:00] Fetching URL: https://weba.claytoncountyga.gov/sjiinqcgi-bin/wsj210r.pgm?days=01
[2025-10-22T04:22:52+00:00] Page 1 (https://weba.claytoncountyga.gov/sjiinqcgi-bin/wsj210r.pgm?days=01) -> parsed 18 records
[2025-10-22T04:22:52+00:00] Discovered 0 new pagination links on page 1
[2025-10-22T04:22:52+00:00] Scrape complete for days=01: pages=1, parsed_total=18, unique=6
[2025-10-22T04:22:54+00:00] Fetching URL: https://weba.claytoncountyga.gov/sjiinqcgi-bin/wsj210r.pgm?days=01
[2025-10-22T04:22:54+00:00] Page 1 (https://weba.claytoncountyga.gov/sjiinqcgi-bin/wsj210r.pgm?days=01) -> parsed 18 records
[2025-10-22T04:22:54+00:00] Discovered 0 new pagination links on page 1
[2025-10-22T04:22:54+00:00] Scrape complete for days=01: pages=1, parsed_total=18, unique=6
[2025-10-22T00:30:55-04:00] Fetching URL: https://weba.claytoncountyga.gov/sjiinqcgi-bin/wsj210r.pgm?days=01
[2025-10-22T00:30:55-04:00] Page 1 (https://weba.claytoncountyga.gov/sjiinqcgi-bin/wsj210r.pgm?days=01) -> parsed 21 records
[2025-10-22T00:30:55-04:00] Discovered 0 new pagination links on page 1
[2025-10-22T00:30:55-04:00] Scrape complete for days=01: pages=1, parsed_total=21, unique=6
[2025-10-22T00:31:15-04:00] Fetching URL: https://weba.claytoncountyga.gov/sjiinqcgi-bin/wsj210r.pgm?days=05
[2025-10-22T00:31:15-04:00] Page 1 (https://weba.claytoncountyga.gov/sjiinqcgi-bin/wsj210r.pgm?days=05) -> parsed 21 records
[2025-10-22T00:31:15-04:00] Discovered 0 new pagination links on page 1
[2025-10-22T00:31:15-04:00] Scrape complete for days=05: pages=1, parsed_total=21, unique=6
